<component name="ProjectRunConfigurationManager">
  <configuration default="false" name="JunitTestingApplication" type="SpringBootApplicationConfigurationType" factoryName="Spring Boot" nameIsGenerated="true">
    <option name="ALTERNATIVE_JRE_PATH" value="C:/Program Files/Java/jdk-11.0.16.1" />
    <option name="ALTERNATIVE_JRE_PATH_ENABLED" value="true" />
    <module name="junit-testing" />
    <option name="SPRING_BOOT_MAIN_CLASS" value="com.tawhid.JunitTestingApplication" />
    <method v="2">
      <option name="Make" enabled="true" />
    </method>
  </configuration>
</component>